TN:
SF:/home/joshua/dev/projects/p20egen3/src/Datastore.ts
FN:5,(anonymous_0)
FN:5,Datastore
FN:8,(anonymous_2)
FN:12,(anonymous_3)
FNF:4
FNH:2
FNDA:1,(anonymous_0)
FNDA:5,Datastore
FNDA:0,(anonymous_2)
FNDA:0,(anonymous_3)
DA:5,1
DA:6,5
DA:8,1
DA:9,0
DA:12,1
DA:13,0
DA:14,0
DA:16,0
DA:19,1
LF:9
LH:5
BRDA:13,1,0,0
BRDA:13,1,1,0
BRF:2
BRH:0
end_of_record
TN:
SF:/home/joshua/dev/projects/p20egen3/src/Service.ts
FN:16,makeUUID
FN:21,makeID
FN:59,(anonymous_2)
FN:94,(anonymous_3)
FN:110,Service
FN:120,(anonymous_5)
FN:124,(anonymous_6)
FN:130,(anonymous_7)
FN:138,(anonymous_8)
FN:151,(anonymous_9)
FN:155,(anonymous_10)
FN:160,(anonymous_11)
FN:170,(anonymous_12)
FN:232,(anonymous_13)
FN:236,(anonymous_14)
FN:246,(anonymous_15)
FN:254,(anonymous_16)
FNF:17
FNH:15
FNDA:12,makeUUID
FNDA:12,makeID
FNDA:1,(anonymous_2)
FNDA:1,(anonymous_3)
FNDA:5,Service
FNDA:1,(anonymous_5)
FNDA:3,(anonymous_6)
FNDA:1,(anonymous_7)
FNDA:11,(anonymous_8)
FNDA:1,(anonymous_9)
FNDA:6,(anonymous_10)
FNDA:2,(anonymous_11)
FNDA:7,(anonymous_12)
FNDA:6,(anonymous_13)
FNDA:0,(anonymous_14)
FNDA:0,(anonymous_15)
FNDA:5,(anonymous_16)
DA:3,1
DA:6,1
DA:8,1
DA:9,1
DA:17,12
DA:18,12
DA:22,12
DA:59,1
DA:60,1
DA:61,1
DA:62,1
DA:94,1
DA:100,5
DA:102,5
DA:104,5
DA:111,5
DA:113,5
DA:116,5
DA:120,1
DA:121,1
DA:124,1
DA:125,3
DA:128,1
DA:131,1
DA:136,1
DA:139,11
DA:141,11
DA:148,11
DA:151,1
DA:152,1
DA:155,1
DA:157,6
DA:160,1
DA:161,2
DA:170,1
DA:171,7
DA:172,1
DA:175,6
DA:176,6
DA:178,6
DA:179,1
DA:182,5
DA:184,5
DA:185,0
DA:190,5
DA:191,1
DA:194,5
DA:195,1
DA:197,1
DA:199,1
DA:205,4
DA:206,3
DA:207,3
DA:208,1
DA:211,3
DA:216,1
DA:217,1
DA:223,0
DA:232,1
DA:233,6
DA:236,1
DA:238,0
DA:239,0
DA:240,0
DA:242,0
DA:246,1
DA:247,0
DA:248,0
DA:251,0
DA:254,1
DA:255,5
DA:258,1
LF:72
LH:63
BRDA:59,1,0,1
BRDA:59,1,1,1
BRDA:142,2,0,11
BRDA:142,2,1,1
BRDA:143,3,0,11
BRDA:143,3,1,1
BRDA:171,4,0,1
BRDA:171,4,1,6
BRDA:178,5,0,1
BRDA:178,5,1,5
BRDA:184,6,0,0
BRDA:184,6,1,5
BRDA:184,7,0,5
BRDA:184,7,1,1
BRDA:190,8,0,1
BRDA:190,8,1,4
BRDA:194,9,0,1
BRDA:194,9,1,4
BRDA:205,10,0,3
BRDA:205,10,1,1
BRDA:207,11,0,1
BRDA:207,11,1,2
BRDA:216,12,0,1
BRDA:216,12,1,0
BRDA:239,13,0,0
BRDA:239,13,1,0
BRDA:247,14,0,0
BRDA:247,14,1,0
BRDA:255,15,0,5
BRDA:255,15,1,3
BRF:30
BRH:24
end_of_record
